<?xml version="1.0" encoding="UTF-8"?>
<testsuite name="PasswordCheckerTest" tests="1" skipped="0" failures="0" errors="0" timestamp="2020-03-04T12:20:55" hostname="umuzi-admin" time="0.004">
  <properties/>
  <testcase name="passwordIsOkTest" classname="PasswordCheckerTest" time="0.004"/>
  <system-out><![CDATA[Password is Valid
]]></system-out>
  <system-err><![CDATA[]]></system-err>
</testsuite>
