<?xml version="1.0" encoding="UTF-8"?>
<testsuite name="PasswordCheckerTest" tests="1" skipped="0" failures="0" errors="0" timestamp="2020-02-25T13:09:51" hostname="umuzi-admin" time="0.006">
  <properties/>
  <testcase name="passwordIsOk" classname="PasswordCheckerTest" time="0.006"/>
  <system-out><![CDATA[Password is Valid
password is OK
]]></system-out>
  <system-err><![CDATA[]]></system-err>
</testsuite>
